# JRE version: Java(TM) SE Runtime Environment (8.0_101-b13) (build 1.8.0_101-b13)
# Java VM: Java HotSpot(TM) 64-Bit Server VM (25.101-b13 mixed mode windows-amd64 compressed oops)
Heap:
 PSYoungGen      total 78336K, used 16909K [0x00000000d5c00000, 0x00000000dc880000, 0x0000000100000000)
  eden space 65024K, 26% used [0x00000000d5c00000,0x00000000d6c835f8,0x00000000d9b80000)
  from space 13312K, 0% used [0x00000000d9b80000,0x00000000d9b80000,0x00000000da880000)
  to   space 13312K, 0% used [0x00000000dbb80000,0x00000000dbb80000,0x00000000dc880000)
 ParOldGen       total 110080K, used 23505K [0x0000000081400000, 0x0000000087f80000, 0x00000000d5c00000)
  object space 110080K, 21% used [0x0000000081400000,0x0000000082af47f0,0x0000000087f80000)
 Metaspace       used 35261K, capacity 36334K, committed 37248K, reserved 1081344K
  class space    used 4372K, capacity 4726K, committed 4992K, reserved 1048576K
GC Heap History (10 events):
Event: 11.152 GC heap before
{Heap before GC invocations=9 (full 1):
 PSYoungGen      total 41984K, used 32768K [0x00000000d5c00000, 0x00000000db400000, 0x0000000100000000)
  eden space 32768K, 100% used [0x00000000d5c00000,0x00000000d7c00000,0x00000000d7c00000)
  from space 9216K, 0% used [0x00000000d7c00000,0x00000000d7c00000,0x00000000d8500000)
  to   space 12288K, 0% used [0x00000000da800000,0x00000000da800000,0x00000000db400000)
 ParOldGen       total 70656K, used 17105K [0x0000000081400000, 0x0000000085900000, 0x00000000d5c00000)
  object space 70656K, 24% used [0x0000000081400000,0x00000000824b4710,0x0000000085900000)
 Metaspace       used 22862K, capacity 23230K, committed 23424K, reserved 1069056K
  class space    used 2721K, capacity 2838K, committed 2944K, reserved 1048576K
Event: 11.163 GC heap after
Heap after GC invocations=9 (full 1):
 PSYoungGen      total 54272K, used 3790K [0x00000000d5c00000, 0x00000000dac00000, 0x0000000100000000)
  eden space 50176K, 0% used [0x00000000d5c00000,0x00000000d5c00000,0x00000000d8d00000)
  from space 4096K, 92% used [0x00000000da800000,0x00000000dabb39a0,0x00000000dac00000)
  to   space 12800K, 0% used [0x00000000d9300000,0x00000000d9300000,0x00000000d9f80000)
 ParOldGen       total 70656K, used 17113K [0x0000000081400000, 0x0000000085900000, 0x00000000d5c00000)
  object space 70656K, 24% used [0x0000000081400000,0x00000000824b6710,0x0000000085900000)
 Metaspace       used 22862K, capacity 23230K, committed 23424K, reserved 1069056K
  class space    used 2721K, capacity 2838K, committed 2944K, reserved 1048576K
}
Event: 12.110 GC heap before
{Heap before GC invocations=10 (full 1):
 PSYoungGen      total 54272K, used 53966K [0x00000000d5c00000, 0x00000000dac00000, 0x0000000100000000)
  eden space 50176K, 100% used [0x00000000d5c00000,0x00000000d8d00000,0x00000000d8d00000)
  from space 4096K, 92% used [0x00000000da800000,0x00000000dabb39a0,0x00000000dac00000)
  to   space 12800K, 0% used [0x00000000d9300000,0x00000000d9300000,0x00000000d9f80000)
 ParOldGen       total 70656K, used 17113K [0x0000000081400000, 0x0000000085900000, 0x00000000d5c00000)
  object space 70656K, 24% used [0x0000000081400000,0x00000000824b6710,0x0000000085900000)
 Metaspace       used 23744K, capacity 24212K, committed 24576K, reserved 1071104K
  class space    used 2812K, capacity 2947K, committed 3072K, reserved 1048576K
Event: 12.121 GC heap after
Heap after GC invocations=10 (full 1):
 PSYoungGen      total 69120K, used 4203K [0x00000000d5c00000, 0x00000000db500000, 0x0000000100000000)
  eden space 56320K, 0% used [0x00000000d5c00000,0x00000000d5c00000,0x00000000d9300000)
  from space 12800K, 32% used [0x00000000d9300000,0x00000000d971afc8,0x00000000d9f80000)
  to   space 12800K, 0% used [0x00000000da880000,0x00000000da880000,0x00000000db500000)
 ParOldGen       total 70656K, used 17121K [0x0000000081400000, 0x0000000085900000, 0x00000000d5c00000)
  object space 70656K, 24% used [0x0000000081400000,0x00000000824b8710,0x0000000085900000)
 Metaspace       used 23744K, capacity 24212K, committed 24576K, reserved 1071104K
  class space    used 2812K, capacity 2947K, committed 3072K, reserved 1048576K
}
Event: 13.902 GC heap before
{Heap before GC invocations=11 (full 1):
 PSYoungGen      total 69120K, used 60523K [0x00000000d5c00000, 0x00000000db500000, 0x0000000100000000)
  eden space 56320K, 100% used [0x00000000d5c00000,0x00000000d9300000,0x00000000d9300000)
  from space 12800K, 32% used [0x00000000d9300000,0x00000000d971afc8,0x00000000d9f80000)
  to   space 12800K, 0% used [0x00000000da880000,0x00000000da880000,0x00000000db500000)
 ParOldGen       total 70656K, used 17121K [0x0000000081400000, 0x0000000085900000, 0x00000000d5c00000)
  object space 70656K, 24% used [0x0000000081400000,0x00000000824b8710,0x0000000085900000)
 Metaspace       used 31472K, capacity 32532K, committed 32640K, reserved 1077248K
  class space    used 3862K, capacity 4209K, committed 4224K, reserved 1048576K
Event: 13.918 GC heap after
Heap after GC invocations=11 (full 1):
 PSYoungGen      total 77824K, used 9642K [0x00000000d5c00000, 0x00000000dbd00000, 0x0000000100000000)
  eden space 65024K, 0% used [0x00000000d5c00000,0x00000000d5c00000,0x00000000d9b80000)
  from space 12800K, 75% used [0x00000000da880000,0x00000000db1eab48,0x00000000db500000)
  to   space 13312K, 0% used [0x00000000d9b80000,0x00000000d9b80000,0x00000000da880000)
 ParOldGen       total 70656K, used 17129K [0x0000000081400000, 0x0000000085900000, 0x00000000d5c00000)
  object space 70656K, 24% used [0x0000000081400000,0x00000000824ba710,0x0000000085900000)
 Metaspace       used 31472K, capacity 32532K, committed 32640K, reserved 1077248K
  class space    used 3862K, capacity 4209K, committed 4224K, reserved 1048576K
}
Event: 15.018 GC heap before
{Heap before GC invocations=12 (full 1):
 PSYoungGen      total 77824K, used 51058K [0x00000000d5c00000, 0x00000000dbd00000, 0x0000000100000000)
  eden space 65024K, 63% used [0x00000000d5c00000,0x00000000d8471e50,0x00000000d9b80000)
  from space 12800K, 75% used [0x00000000da880000,0x00000000db1eab48,0x00000000db500000)
  to   space 13312K, 0% used [0x00000000d9b80000,0x00000000d9b80000,0x00000000da880000)
 ParOldGen       total 70656K, used 17129K [0x0000000081400000, 0x0000000085900000, 0x00000000d5c00000)
  object space 70656K, 24% used [0x0000000081400000,0x00000000824ba710,0x0000000085900000)
 Metaspace       used 34012K, capacity 35412K, committed 35456K, reserved 1079296K
  class space    used 4276K, capacity 4723K, committed 4736K, reserved 1048576K
Event: 15.039 GC heap after
Heap after GC invocations=12 (full 1):
 PSYoungGen      total 78336K, used 9753K [0x00000000d5c00000, 0x00000000dc880000, 0x0000000100000000)
  eden space 65024K, 0% used [0x00000000d5c00000,0x00000000d5c00000,0x00000000d9b80000)
  from space 13312K, 73% used [0x00000000d9b80000,0x00000000da5067d8,0x00000000da880000)
  to   space 13312K, 0% used [0x00000000dbb80000,0x00000000dbb80000,0x00000000dc880000)
 ParOldGen       total 70656K, used 17137K [0x0000000081400000, 0x0000000085900000, 0x00000000d5c00000)
  object space 70656K, 24% used [0x0000000081400000,0x00000000824bc710,0x0000000085900000)
 Metaspace       used 34012K, capacity 35412K, committed 35456K, reserved 1079296K
  class space    used 4276K, capacity 4723K, committed 4736K, reserved 1048576K
}
Event: 15.039 GC heap before
{Heap before GC invocations=13 (full 2):
 PSYoungGen      total 78336K, used 9753K [0x00000000d5c00000, 0x00000000dc880000, 0x0000000100000000)
  eden space 65024K, 0% used [0x00000000d5c00000,0x00000000d5c00000,0x00000000d9b80000)
  from space 13312K, 73% used [0x00000000d9b80000,0x00000000da5067d8,0x00000000da880000)
  to   space 13312K, 0% used [0x00000000dbb80000,0x00000000dbb80000,0x00000000dc880000)
 ParOldGen       total 70656K, used 17137K [0x0000000081400000, 0x0000000085900000, 0x00000000d5c00000)
  object space 70656K, 24% used [0x0000000081400000,0x00000000824bc710,0x0000000085900000)
 Metaspace       used 34012K, capacity 35412K, committed 35456K, reserved 1079296K
  class space    used 4276K, capacity 4723K, committed 4736K, reserved 1048576K
Event: 15.327 GC heap after
Heap after GC invocations=13 (full 2):
 PSYoungGen      total 78336K, used 0K [0x00000000d5c00000, 0x00000000dc880000, 0x0000000100000000)
  eden space 65024K, 0% used [0x00000000d5c00000,0x00000000d5c00000,0x00000000d9b80000)
  from space 13312K, 0% used [0x00000000d9b80000,0x00000000d9b80000,0x00000000da880000)
  to   space 13312K, 0% used [0x00000000dbb80000,0x00000000dbb80000,0x00000000dc880000)
 ParOldGen       total 110080K, used 23505K [0x0000000081400000, 0x0000000087f80000, 0x00000000d5c00000)
  object space 110080K, 21% used [0x0000000081400000,0x0000000082af47f0,0x0000000087f80000)
 Metaspace       used 33312K, capacity 34036K, committed 35456K, reserved 1079296K
  class space    used 4021K, capacity 4283K, committed 4736K, reserved 1048576K
}

