# JRE version: Java(TM) SE Runtime Environment (8.0_101-b13) (build 1.8.0_101-b13)
# Java VM: Java HotSpot(TM) 64-Bit Server VM (25.101-b13 mixed mode windows-amd64 compressed oops)
Heap:
 PSYoungGen      total 203776K, used 22046K [0x00000000d5c00000, 0x00000000e3480000, 0x0000000100000000)
  eden space 193024K, 11% used [0x00000000d5c00000,0x00000000d71879e0,0x00000000e1880000)
  from space 10752K, 0% used [0x00000000e2a00000,0x00000000e2a00000,0x00000000e3480000)
  to   space 13312K, 0% used [0x00000000e1a80000,0x00000000e1a80000,0x00000000e2780000)
 ParOldGen       total 108032K, used 24250K [0x0000000081400000, 0x0000000087d80000, 0x00000000d5c00000)
  object space 108032K, 22% used [0x0000000081400000,0x0000000082baea18,0x0000000087d80000)
 Metaspace       used 35451K, capacity 36663K, committed 37288K, reserved 1081344K
  class space    used 4413K, capacity 4802K, committed 4992K, reserved 1048576K
GC Heap History (10 events):
Event: 2.873 GC heap before
{Heap before GC invocations=6 (full 0):
 PSYoungGen      total 71680K, used 21897K [0x00000000d5c00000, 0x00000000df300000, 0x0000000100000000)
  eden space 66560K, 25% used [0x00000000d5c00000,0x00000000d6c664d8,0x00000000d9d00000)
  from space 5120K, 99% used [0x00000000d9d00000,0x00000000da1fc050,0x00000000da200000)
  to   space 10752K, 0% used [0x00000000de880000,0x00000000de880000,0x00000000df300000)
 ParOldGen       total 87552K, used 10944K [0x0000000081400000, 0x0000000086980000, 0x00000000d5c00000)
  object space 87552K, 12% used [0x0000000081400000,0x0000000081eb0300,0x0000000086980000)
 Metaspace       used 20846K, capacity 21160K, committed 21296K, reserved 1069056K
  class space    used 2528K, capacity 2644K, committed 2688K, reserved 1048576K
Event: 2.887 GC heap after
Heap after GC invocations=6 (full 0):
 PSYoungGen      total 141824K, used 10740K [0x00000000d5c00000, 0x00000000df700000, 0x0000000100000000)
  eden space 131072K, 0% used [0x00000000d5c00000,0x00000000d5c00000,0x00000000ddc00000)
  from space 10752K, 99% used [0x00000000de880000,0x00000000df2fd288,0x00000000df300000)
  to   space 12800K, 0% used [0x00000000ddc00000,0x00000000ddc00000,0x00000000de880000)
 ParOldGen       total 87552K, used 12429K [0x0000000081400000, 0x0000000086980000, 0x00000000d5c00000)
  object space 87552K, 14% used [0x0000000081400000,0x0000000082023700,0x0000000086980000)
 Metaspace       used 20846K, capacity 21160K, committed 21296K, reserved 1069056K
  class space    used 2528K, capacity 2644K, committed 2688K, reserved 1048576K
}
Event: 2.887 GC heap before
{Heap before GC invocations=7 (full 1):
 PSYoungGen      total 141824K, used 10740K [0x00000000d5c00000, 0x00000000df700000, 0x0000000100000000)
  eden space 131072K, 0% used [0x00000000d5c00000,0x00000000d5c00000,0x00000000ddc00000)
  from space 10752K, 99% used [0x00000000de880000,0x00000000df2fd288,0x00000000df300000)
  to   space 12800K, 0% used [0x00000000ddc00000,0x00000000ddc00000,0x00000000de880000)
 ParOldGen       total 87552K, used 12429K [0x0000000081400000, 0x0000000086980000, 0x00000000d5c00000)
  object space 87552K, 14% used [0x0000000081400000,0x0000000082023700,0x0000000086980000)
 Metaspace       used 20846K, capacity 21160K, committed 21296K, reserved 1069056K
  class space    used 2528K, capacity 2644K, committed 2688K, reserved 1048576K
Event: 2.943 GC heap after
Heap after GC invocations=7 (full 1):
 PSYoungGen      total 141824K, used 0K [0x00000000d5c00000, 0x00000000df700000, 0x0000000100000000)
  eden space 131072K, 0% used [0x00000000d5c00000,0x00000000d5c00000,0x00000000ddc00000)
  from space 10752K, 0% used [0x00000000de880000,0x00000000de880000,0x00000000df300000)
  to   space 12800K, 0% used [0x00000000ddc00000,0x00000000ddc00000,0x00000000de880000)
 ParOldGen       total 70144K, used 17055K [0x0000000081400000, 0x0000000085880000, 0x00000000d5c00000)
  object space 70144K, 24% used [0x0000000081400000,0x00000000824a7c78,0x0000000085880000)
 Metaspace       used 20846K, capacity 21160K, committed 21296K, reserved 1069056K
  class space    used 2528K, capacity 2644K, committed 2688K, reserved 1048576K
}
Event: 4.423 GC heap before
{Heap before GC invocations=8 (full 1):
 PSYoungGen      total 141824K, used 131072K [0x00000000d5c00000, 0x00000000df700000, 0x0000000100000000)
  eden space 131072K, 100% used [0x00000000d5c00000,0x00000000ddc00000,0x00000000ddc00000)
  from space 10752K, 0% used [0x00000000de880000,0x00000000de880000,0x00000000df300000)
  to   space 12800K, 0% used [0x00000000ddc00000,0x00000000ddc00000,0x00000000de880000)
 ParOldGen       total 70144K, used 17055K [0x0000000081400000, 0x0000000085880000, 0x00000000d5c00000)
  object space 70144K, 24% used [0x0000000081400000,0x00000000824a7c78,0x0000000085880000)
 Metaspace       used 29643K, capacity 30564K, committed 30848K, reserved 1077248K
  class space    used 3631K, capacity 3925K, committed 3968K, reserved 1048576K
Event: 4.430 GC heap after
Heap after GC invocations=8 (full 1):
 PSYoungGen      total 143872K, used 8991K [0x00000000d5c00000, 0x00000000e3680000, 0x0000000100000000)
  eden space 131072K, 0% used [0x00000000d5c00000,0x00000000d5c00000,0x00000000ddc00000)
  from space 12800K, 70% used [0x00000000ddc00000,0x00000000de4c7da8,0x00000000de880000)
  to   space 12800K, 0% used [0x00000000e2a00000,0x00000000e2a00000,0x00000000e3680000)
 ParOldGen       total 70144K, used 17063K [0x0000000081400000, 0x0000000085880000, 0x00000000d5c00000)
  object space 70144K, 24% used [0x0000000081400000,0x00000000824a9c78,0x0000000085880000)
 Metaspace       used 29643K, capacity 30564K, committed 30848K, reserved 1077248K
  class space    used 3631K, capacity 3925K, committed 3968K, reserved 1048576K
}
Event: 5.226 GC heap before
{Heap before GC invocations=9 (full 1):
 PSYoungGen      total 143872K, used 68732K [0x00000000d5c00000, 0x00000000e3680000, 0x0000000100000000)
  eden space 131072K, 45% used [0x00000000d5c00000,0x00000000d96574e8,0x00000000ddc00000)
  from space 12800K, 70% used [0x00000000ddc00000,0x00000000de4c7da8,0x00000000de880000)
  to   space 12800K, 0% used [0x00000000e2a00000,0x00000000e2a00000,0x00000000e3680000)
 ParOldGen       total 70144K, used 17063K [0x0000000081400000, 0x0000000085880000, 0x00000000d5c00000)
  object space 70144K, 24% used [0x0000000081400000,0x00000000824a9c78,0x0000000085880000)
 Metaspace       used 34029K, capacity 35473K, committed 35496K, reserved 1081344K
  class space    used 4278K, capacity 4736K, committed 4736K, reserved 1048576K
Event: 5.234 GC heap after
Heap after GC invocations=9 (full 1):
 PSYoungGen      total 203776K, used 10427K [0x00000000d5c00000, 0x00000000e3480000, 0x0000000100000000)
  eden space 193024K, 0% used [0x00000000d5c00000,0x00000000d5c00000,0x00000000e1880000)
  from space 10752K, 96% used [0x00000000e2a00000,0x00000000e342eec8,0x00000000e3480000)
  to   space 13312K, 0% used [0x00000000e1a80000,0x00000000e1a80000,0x00000000e2780000)
 ParOldGen       total 70144K, used 17071K [0x0000000081400000, 0x0000000085880000, 0x00000000d5c00000)
  object space 70144K, 24% used [0x0000000081400000,0x00000000824abc78,0x0000000085880000)
 Metaspace       used 34029K, capacity 35473K, committed 35496K, reserved 1081344K
  class space    used 4278K, capacity 4736K, committed 4736K, reserved 1048576K
}
Event: 5.234 GC heap before
{Heap before GC invocations=10 (full 2):
 PSYoungGen      total 203776K, used 10427K [0x00000000d5c00000, 0x00000000e3480000, 0x0000000100000000)
  eden space 193024K, 0% used [0x00000000d5c00000,0x00000000d5c00000,0x00000000e1880000)
  from space 10752K, 96% used [0x00000000e2a00000,0x00000000e342eec8,0x00000000e3480000)
  to   space 13312K, 0% used [0x00000000e1a80000,0x00000000e1a80000,0x00000000e2780000)
 ParOldGen       total 70144K, used 17071K [0x0000000081400000, 0x0000000085880000, 0x00000000d5c00000)
  object space 70144K, 24% used [0x0000000081400000,0x00000000824abc78,0x0000000085880000)
 Metaspace       used 34029K, capacity 35473K, committed 35496K, reserved 1081344K
  class space    used 4278K, capacity 4736K, committed 4736K, reserved 1048576K
Event: 5.326 GC heap after
Heap after GC invocations=10 (full 2):
 PSYoungGen      total 203776K, used 0K [0x00000000d5c00000, 0x00000000e3480000, 0x0000000100000000)
  eden space 193024K, 0% used [0x00000000d5c00000,0x00000000d5c00000,0x00000000e1880000)
  from space 10752K, 0% used [0x00000000e2a00000,0x00000000e2a00000,0x00000000e3480000)
  to   space 13312K, 0% used [0x00000000e1a80000,0x00000000e1a80000,0x00000000e2780000)
 ParOldGen       total 108032K, used 24250K [0x0000000081400000, 0x0000000087d80000, 0x00000000d5c00000)
  object space 108032K, 22% used [0x0000000081400000,0x0000000082baea18,0x0000000087d80000)
 Metaspace       used 33285K, capacity 34063K, committed 35496K, reserved 1081344K
  class space    used 4018K, capacity 4287K, committed 4736K, reserved 1048576K
}

